Build started 4/25/2015 4:30:21 PM.
     1>Project "C:\Users\Ian\Desktop\AdvProgFinalProject\AdvProgFinalProject\AdvProgFinalProject.vcxproj" on node 2 (Rebuild target(s)).
     1>ClCompile:
         C:\Program Files (x86)\Microsoft Visual Studio 12.0\VC\bin\CL.exe /c /ZI /nologo /W3 /WX- /sdl /Od /Oy- /D _MBCS /Gm /EHsc /RTC1 /MDd /GS /fp:precise /Zc:wchar_t /Zc:forScope /Fo"Debug\\" /Fd"Debug\vc120.pdb" /Gd /TP /analyze- /errorReport:prompt armor.cpp character.cpp functions.cpp item.cpp main.cpp npc.cpp pc.cpp
         pc.cpp
         npc.cpp
         main.cpp
         item.cpp
         functions.cpp
     1>c:\users\ian\desktop\advprogfinalproject\advprogfinalproject\functions.cpp(325): error C2065: 'iniativeTemp' : undeclared identifier
     1>c:\users\ian\desktop\advprogfinalproject\advprogfinalproject\functions.cpp(501): warning C4244: 'argument' : conversion from 'time_t' to 'unsigned int', possible loss of data
     1>c:\users\ian\desktop\advprogfinalproject\advprogfinalproject\functions.cpp(516): warning C4244: 'argument' : conversion from 'time_t' to 'unsigned int', possible loss of data
         character.cpp
         armor.cpp
         Generating Code...
     1>Done Building Project "C:\Users\Ian\Desktop\AdvProgFinalProject\AdvProgFinalProject\AdvProgFinalProject.vcxproj" (Rebuild target(s)) -- FAILED.

Build FAILED.

Time Elapsed 00:00:05.60
